Using pre-set license
Built from '2022.3/release' branch; Version is '2022.3.5f1 (9674261d40ee) revision 9860134'; Using compiler version '192829333'; Build Type 'Release'
OS: 'Windows 10  (10.0.19045) 64bit Professional' Language: 'es' Physical Memory: 16328 MB
BatchMode: 1, IsHumanControllingUs: 0, StartBugReporterOnCrash: 0, Is64bit: 1, IsPro: 1

COMMAND LINE ARGUMENTS:
C:\Program Files\Unity\Hub\Editor\2022.3.5f1\Editor\Unity.exe
-adb2
-batchMode
-noUpm
-name
AssetImportWorker1
-projectPath
C:/Users/dgall/Desktop/TFG/code/Unity/ProyectoUnity
-logFile
Logs/AssetImportWorker1.log
-srvPort
60125
Successfully changed project path to: C:/Users/dgall/Desktop/TFG/code/Unity/ProyectoUnity
C:/Users/dgall/Desktop/TFG/code/Unity/ProyectoUnity
[UnityMemory] Configuration Parameters - Can be set up in boot.config
    "memorysetup-bucket-allocator-granularity=16"
    "memorysetup-bucket-allocator-bucket-count=8"
    "memorysetup-bucket-allocator-block-size=33554432"
    "memorysetup-bucket-allocator-block-count=8"
    "memorysetup-main-allocator-block-size=16777216"
    "memorysetup-thread-allocator-block-size=16777216"
    "memorysetup-gfx-main-allocator-block-size=16777216"
    "memorysetup-gfx-thread-allocator-block-size=16777216"
    "memorysetup-cache-allocator-block-size=4194304"
    "memorysetup-typetree-allocator-block-size=2097152"
    "memorysetup-profiler-bucket-allocator-granularity=16"
    "memorysetup-profiler-bucket-allocator-bucket-count=8"
    "memorysetup-profiler-bucket-allocator-block-size=33554432"
    "memorysetup-profiler-bucket-allocator-block-count=8"
    "memorysetup-profiler-allocator-block-size=16777216"
    "memorysetup-profiler-editor-allocator-block-size=1048576"
    "memorysetup-temp-allocator-size-main=16777216"
    "memorysetup-job-temp-allocator-block-size=2097152"
    "memorysetup-job-temp-allocator-block-size-background=1048576"
    "memorysetup-job-temp-allocator-reduction-small-platforms=262144"
    "memorysetup-allocator-temp-initial-block-size-main=262144"
    "memorysetup-allocator-temp-initial-block-size-worker=262144"
    "memorysetup-temp-allocator-size-background-worker=32768"
    "memorysetup-temp-allocator-size-job-worker=262144"
    "memorysetup-temp-allocator-size-preload-manager=33554432"
    "memorysetup-temp-allocator-size-nav-mesh-worker=65536"
    "memorysetup-temp-allocator-size-audio-worker=65536"
    "memorysetup-temp-allocator-size-cloud-worker=32768"
    "memorysetup-temp-allocator-size-gi-baking-worker=262144"
    "memorysetup-temp-allocator-size-gfx=262144"
Player connection [10516] Host "[IP] 192.168.1.41 [Port] 0 [Flags] 2 [Guid] 1490701132 [EditorId] 1490701132 [Version] 1048832 [Id] WindowsEditor(7,DESKTOP-B0LV3SI) [Debug] 1 [PackageName] WindowsEditor [ProjectName] Editor" joined multi-casting on [225.0.0.222:54997]...

Player connection [10516] Host "[IP] 192.168.1.41 [Port] 0 [Flags] 2 [Guid] 1490701132 [EditorId] 1490701132 [Version] 1048832 [Id] WindowsEditor(7,DESKTOP-B0LV3SI) [Debug] 1 [PackageName] WindowsEditor [ProjectName] Editor" joined alternative multi-casting on [225.0.0.222:34997]...

Refreshing native plugins compatible for Editor in 12.89 ms, found 3 plugins.
Preloading 0 native plugins for Editor in 0.00 ms.
Initialize engine version: 2022.3.5f1 (9674261d40ee)
[Subsystems] Discovering subsystems at path C:/Program Files/Unity/Hub/Editor/2022.3.5f1/Editor/Data/Resources/UnitySubsystems
[Subsystems] Discovering subsystems at path C:/Users/dgall/Desktop/TFG/code/Unity/ProyectoUnity/Assets
GfxDevice: creating device client; threaded=0; jobified=0
Direct3D:
    Version:  Direct3D 11.0 [level 11.1]
    Renderer: NVIDIA GeForce RTX 2070 SUPER (ID=0x1e84)
    Vendor:   NVIDIA
    VRAM:     8003 MB
    Driver:   31.0.15.4633
Initialize mono
Mono path[0] = 'C:/Program Files/Unity/Hub/Editor/2022.3.5f1/Editor/Data/Managed'
Mono path[1] = 'C:/Program Files/Unity/Hub/Editor/2022.3.5f1/Editor/Data/MonoBleedingEdge/lib/mono/unityjit-win32'
Mono config path = 'C:/Program Files/Unity/Hub/Editor/2022.3.5f1/Editor/Data/MonoBleedingEdge/etc'
Using monoOptions --debugger-agent=transport=dt_socket,embedding=1,server=y,suspend=n,address=127.0.0.1:56856
Begin MonoManager ReloadAssembly
Registering precompiled unity dll's ...
Register platform support module: C:/Program Files/Unity/Hub/Editor/2022.3.5f1/Editor/Data/PlaybackEngines/WebGLSupport/UnityEditor.WebGL.Extensions.dll
Register platform support module: C:/Program Files/Unity/Hub/Editor/2022.3.5f1/Editor/Data/PlaybackEngines/WindowsStandaloneSupport/UnityEditor.WindowsStandalone.Extensions.dll
Registered in 0.025729 seconds.
- Loaded All Assemblies, in  0.709 seconds
Native extension for WindowsStandalone target not found
Native extension for WebGL target not found
Mono: successfully reloaded assembly
- Finished resetting the current domain, in  0.397 seconds
Domain Reload Profiling: 1100ms
	BeginReloadAssembly (147ms)
		ExecutionOrderSort (0ms)
		DisableScriptedObjects (0ms)
		BackupInstance (0ms)
		ReleaseScriptingObjects (0ms)
		CreateAndSetChildDomain (1ms)
	RebuildCommonClasses (55ms)
	RebuildNativeTypeToScriptingClass (17ms)
	initialDomainReloadingComplete (143ms)
	LoadAllAssembliesAndSetupDomain (340ms)
		LoadAssemblies (143ms)
		RebuildTransferFunctionScriptingTraits (0ms)
		AnalyzeDomain (323ms)
			TypeCache.Refresh (322ms)
				TypeCache.ScanAssembly (298ms)
			ScanForSourceGeneratedMonoScriptInfo (1ms)
			ResolveRequiredComponents (1ms)
	FinalizeReload (397ms)
		ReleaseScriptCaches (0ms)
		RebuildScriptCaches (0ms)
		SetupLoadedEditorAssemblies (297ms)
			LogAssemblyErrors (0ms)
			InitializePlatformSupportModulesInManaged (18ms)
			SetLoadedEditorAssemblies (8ms)
			RefreshPlugins (0ms)
			BeforeProcessingInitializeOnLoad (2ms)
			ProcessInitializeOnLoadAttributes (194ms)
			ProcessInitializeOnLoadMethodAttributes (75ms)
			AfterProcessingInitializeOnLoad (0ms)
			EditorAssembliesLoaded (0ms)
		ExecutionOrderSort2 (0ms)
		AwakeInstancesAfterBackupRestoration (0ms)
========================================================================
Worker process is ready to serve import requests
Begin MonoManager ReloadAssembly
Symbol file LoadedFromMemory doesn't match image C:\Users\dgall\Desktop\TFG\code\Unity\ProyectoUnity\Library\PackageCache\com.unity.visualscripting@1.8.0\Editor\VisualScripting.Core\Dependencies\YamlDotNet\Unity.VisualScripting.YamlDotNet.dll
Symbol file LoadedFromMemory doesn't match image C:\Users\dgall\Desktop\TFG\code\Unity\ProyectoUnity\Library\PackageCache\com.unity.visualscripting@1.8.0\Editor\VisualScripting.Core\Dependencies\DotNetZip\Unity.VisualScripting.IonicZip.dll
- Loaded All Assemblies, in  1.135 seconds
Refreshing native plugins compatible for Editor in 4.85 ms, found 3 plugins.
Native extension for WindowsStandalone target not found
Native extension for WebGL target not found
Mono: successfully reloaded assembly
- Finished resetting the current domain, in  0.745 seconds
Domain Reload Profiling: 1868ms
	BeginReloadAssembly (196ms)
		ExecutionOrderSort (0ms)
		DisableScriptedObjects (7ms)
		BackupInstance (0ms)
		ReleaseScriptingObjects (0ms)
		CreateAndSetChildDomain (33ms)
	RebuildCommonClasses (48ms)
	RebuildNativeTypeToScriptingClass (16ms)
	initialDomainReloadingComplete (74ms)
	LoadAllAssembliesAndSetupDomain (788ms)
		LoadAssemblies (452ms)
		RebuildTransferFunctionScriptingTraits (0ms)
		AnalyzeDomain (429ms)
			TypeCache.Refresh (403ms)
				TypeCache.ScanAssembly (382ms)
			ScanForSourceGeneratedMonoScriptInfo (21ms)
			ResolveRequiredComponents (5ms)
	FinalizeReload (745ms)
		ReleaseScriptCaches (0ms)
		RebuildScriptCaches (0ms)
		SetupLoadedEditorAssemblies (531ms)
			LogAssemblyErrors (0ms)
			InitializePlatformSupportModulesInManaged (14ms)
			SetLoadedEditorAssemblies (7ms)
			RefreshPlugins (0ms)
			BeforeProcessingInitializeOnLoad (95ms)
			ProcessInitializeOnLoadAttributes (364ms)
			ProcessInitializeOnLoadMethodAttributes (33ms)
			AfterProcessingInitializeOnLoad (16ms)
			EditorAssembliesLoaded (0ms)
		ExecutionOrderSort2 (0ms)
		AwakeInstancesAfterBackupRestoration (12ms)
Launched and connected shader compiler UnityShaderCompiler.exe after 0.08 seconds
Refreshing native plugins compatible for Editor in 7.67 ms, found 3 plugins.
Preloading 0 native plugins for Editor in 0.00 ms.
Unloading 3195 Unused Serialized files (Serialized files now loaded: 0)
Unloading 37 unused Assets / (0.8 MB). Loaded Objects now: 3677.
Memory consumption went from 135.7 MB to 134.9 MB.
Total: 6.366500 ms (FindLiveObjects: 0.549700 ms CreateObjectMapping: 0.130900 ms MarkObjects: 5.008600 ms  DeleteObjects: 0.675600 ms)

AssetImportParameters requested are different than current active one (requested -> active):
  custom:container-demuxer-ogg: 62fdf1f143b41e24485cea50d1cbac27 -> 
  custom:video-decoder-ogg-theora: a1e56fd34408186e4bbccfd4996cb3dc -> 
  custom:framework-win-MediaFoundation: 216162199b28c13a410421893ffa2e32 -> 
  custom:container-demuxer-webm: 4f35f7cbe854078d1ac9338744f61a02 -> 
  custom:container-muxer-webm: aa71ff27fc2769a1b78a27578f13a17b -> 
  custom:video-decoder-webm-vp8: 9c59270c3fd7afecdb556c50c9e8de78 -> 
  custom:AudioImporter_EditorPlatform: d09bf68614088b80899f8185d706f6e7 -> 
  custom:video-encoder-webm-vp8: eb34c28f22e8b96e1ab97ce403110664 -> 
  custom:audio-decoder-ogg-vorbis: bf7c407c2cedff20999df2af8eb42d56 -> 
  custom:audio-encoder-webm-vorbis: bf7c407c2cedff20999df2af8eb42d56 -> 
========================================================================
Received Import Request.
  Time since last request: 14734.757846 seconds.
  path: Assets/WorldMaterialsFree/Built-In_RPMaterials/CoarseConcrete_WMShader.mat
  artifactKey: Guid(015da0f3dbeb55f4c82fb3d0587dcca1) Importer(815301076,1909f56bfc062723c751e8b465ee728b)
Start importing Assets/WorldMaterialsFree/Built-In_RPMaterials/CoarseConcrete_WMShader.mat using Guid(015da0f3dbeb55f4c82fb3d0587dcca1) Importer(815301076,1909f56bfc062723c751e8b465ee728b)  -> (artifact id: '697657257c69a57de4ba04197369de79') in 0.745104 seconds
Number of updated asset objects reloaded before import = 0
Number of asset objects unloaded after import = 6
========================================================================
Received Import Request.
  Time since last request: 0.000053 seconds.
  path: Assets/WorldMaterialsFree/HDRPMaterials/GrassGravel_HDRPShader.mat
  artifactKey: Guid(84cf81d4bbab074448a94c478391503d) Importer(815301076,1909f56bfc062723c751e8b465ee728b)
Start importing Assets/WorldMaterialsFree/HDRPMaterials/GrassGravel_HDRPShader.mat using Guid(84cf81d4bbab074448a94c478391503d) Importer(815301076,1909f56bfc062723c751e8b465ee728b)  -> (artifact id: '673d894822de6c35bea8637fb8ac8680') in 0.097960 seconds
Number of updated asset objects reloaded before import = 0
Number of asset objects unloaded after import = 7
========================================================================
Received Import Request.
  Time since last request: 0.000018 seconds.
  path: Assets/WorldMaterialsFree/Built-In_RPMaterials/DryRockyDirt_StandardShader.mat
  artifactKey: Guid(06d2d82c741d6b34692010a75df9b1fc) Importer(815301076,1909f56bfc062723c751e8b465ee728b)
Start importing Assets/WorldMaterialsFree/Built-In_RPMaterials/DryRockyDirt_StandardShader.mat using Guid(06d2d82c741d6b34692010a75df9b1fc) Importer(815301076,1909f56bfc062723c751e8b465ee728b)  -> (artifact id: 'ec6a893279d53de4a0a04519961933c5') in 0.426139 seconds
Number of updated asset objects reloaded before import = 0
Number of asset objects unloaded after import = 5
========================================================================
Received Import Request.
  Time since last request: 0.000028 seconds.
  path: Assets/WorldMaterialsFree/Built-In_RPMaterials/PebbledGravel_WMShader.mat
  artifactKey: Guid(b29ce08ad640aeb48acdb7b6d2abcec7) Importer(815301076,1909f56bfc062723c751e8b465ee728b)
Start importing Assets/WorldMaterialsFree/Built-In_RPMaterials/PebbledGravel_WMShader.mat using Guid(b29ce08ad640aeb48acdb7b6d2abcec7) Importer(815301076,1909f56bfc062723c751e8b465ee728b)  -> (artifact id: 'c478e2499ac4d79b87ecf709169a3d45') in 0.109161 seconds
Number of updated asset objects reloaded before import = 0
Number of asset objects unloaded after import = 6
========================================================================
Received Import Request.
  Time since last request: 0.000046 seconds.
  path: Assets/WorldMaterialsFree/Built-In_RPMaterials/WavySand_WMShader.mat
  artifactKey: Guid(fdb4ea3af6900bf46a224639828a821a) Importer(815301076,1909f56bfc062723c751e8b465ee728b)
Start importing Assets/WorldMaterialsFree/Built-In_RPMaterials/WavySand_WMShader.mat using Guid(fdb4ea3af6900bf46a224639828a821a) Importer(815301076,1909f56bfc062723c751e8b465ee728b)  -> (artifact id: 'ccc04e81c546669e0cbbaee3a163e769') in 0.082403 seconds
Number of updated asset objects reloaded before import = 0
Number of asset objects unloaded after import = 7
========================================================================
Received Import Request.
  Time since last request: 0.000025 seconds.
  path: Assets/WorldMaterialsFree/HDRPMaterials/DryRockyDirt_HDRPShader.mat
  artifactKey: Guid(37ed853e73f6a964abf46d9c5284cf2b) Importer(815301076,1909f56bfc062723c751e8b465ee728b)
Start importing Assets/WorldMaterialsFree/HDRPMaterials/DryRockyDirt_HDRPShader.mat using Guid(37ed853e73f6a964abf46d9c5284cf2b) Importer(815301076,1909f56bfc062723c751e8b465ee728b)  -> (artifact id: 'c24461807f7deaa135f7f169aab8eeab') in 0.044946 seconds
Number of updated asset objects reloaded before import = 0
Number of asset objects unloaded after import = 7
========================================================================
Received Import Request.
  Time since last request: 0.000034 seconds.
  path: Assets/WorldMaterialsFree/HDRPMaterials/SimpleRedBricks_HDRPShader.mat
  artifactKey: Guid(c6d8285a1bf03fd43a1debc9db76ec7d) Importer(815301076,1909f56bfc062723c751e8b465ee728b)
Start importing Assets/WorldMaterialsFree/HDRPMaterials/SimpleRedBricks_HDRPShader.mat using Guid(c6d8285a1bf03fd43a1debc9db76ec7d) Importer(815301076,1909f56bfc062723c751e8b465ee728b)  -> (artifact id: '6215f4dbc3ec35e6d297788c5bdf65d4') in 0.104213 seconds
Number of updated asset objects reloaded before import = 0
Number of asset objects unloaded after import = 7
========================================================================
Received Import Request.
  Time since last request: 0.000025 seconds.
  path: Assets/WorldMaterialsFree/Built-In_RPMaterials/GrassClumps_StandardShader.mat
  artifactKey: Guid(6a3d964ea61cca74aad9cd47ed31878d) Importer(815301076,1909f56bfc062723c751e8b465ee728b)
Start importing Assets/WorldMaterialsFree/Built-In_RPMaterials/GrassClumps_StandardShader.mat using Guid(6a3d964ea61cca74aad9cd47ed31878d) Importer(815301076,1909f56bfc062723c751e8b465ee728b)  -> (artifact id: 'c388e1597f1c1528302e040071bf52e0') in 0.046595 seconds
Number of updated asset objects reloaded before import = 0
Number of asset objects unloaded after import = 5
========================================================================
Received Import Request.
  Time since last request: 0.000047 seconds.
  path: Assets/WorldMaterialsFree/Built-In_RPMaterials/DesertCliffRock_WMShader.mat
  artifactKey: Guid(5788fa9255612c049bcf0d092efe95ce) Importer(815301076,1909f56bfc062723c751e8b465ee728b)
Start importing Assets/WorldMaterialsFree/Built-In_RPMaterials/DesertCliffRock_WMShader.mat using Guid(5788fa9255612c049bcf0d092efe95ce) Importer(815301076,1909f56bfc062723c751e8b465ee728b)  -> (artifact id: '984cb6bc6e0a5055b839a98a85c2d960') in 0.052488 seconds
Number of updated asset objects reloaded before import = 0
Number of asset objects unloaded after import = 6
========================================================================
Received Import Request.
  Time since last request: 0.000066 seconds.
  path: Assets/WorldMaterialsFree/Built-In_RPMaterials/SimpleRedBricks_WMShader.mat
  artifactKey: Guid(bfa6ad9a35a0a584e86e406e5382065f) Importer(815301076,1909f56bfc062723c751e8b465ee728b)
Start importing Assets/WorldMaterialsFree/Built-In_RPMaterials/SimpleRedBricks_WMShader.mat using Guid(bfa6ad9a35a0a584e86e406e5382065f) Importer(815301076,1909f56bfc062723c751e8b465ee728b)  -> (artifact id: 'ed46033ff5a8d0fe0bf2578ba3ce4a98') in 0.047543 seconds
Number of updated asset objects reloaded before import = 0
Number of asset objects unloaded after import = 6
========================================================================
Received Import Request.
  Time since last request: 0.000793 seconds.
  path: Assets/WorldMaterialsFree/Built-In_RPMaterials/HexBricks_StandardShader.mat
  artifactKey: Guid(97600ef42b0a88b47adc4932a228ef49) Importer(815301076,1909f56bfc062723c751e8b465ee728b)
Start importing Assets/WorldMaterialsFree/Built-In_RPMaterials/HexBricks_StandardShader.mat using Guid(97600ef42b0a88b47adc4932a228ef49) Importer(815301076,1909f56bfc062723c751e8b465ee728b)  -> (artifact id: 'f410199950c722c26eadf0d2599e89e5') in 0.035945 seconds
Number of updated asset objects reloaded before import = 0
Number of asset objects unloaded after import = 5
========================================================================
Received Import Request.
  Time since last request: 0.000028 seconds.
  path: Assets/WorldMaterialsFree/Built-In_RPMaterials/DesertCliffRock_StandardShader.mat
  artifactKey: Guid(ee2cbd091ade78d4d9ae2b3d259bc86b) Importer(815301076,1909f56bfc062723c751e8b465ee728b)
Start importing Assets/WorldMaterialsFree/Built-In_RPMaterials/DesertCliffRock_StandardShader.mat using Guid(ee2cbd091ade78d4d9ae2b3d259bc86b) Importer(815301076,1909f56bfc062723c751e8b465ee728b)  -> (artifact id: '9ffb032fb09f2f83e8ac878ab4c6fd26') in 0.048261 seconds
Number of updated asset objects reloaded before import = 0
Number of asset objects unloaded after import = 5
========================================================================
Received Import Request.
  Time since last request: 0.000017 seconds.
  path: Assets/WorldMaterialsFree/HDRPMaterials/PebbledGravel_HDRPShader.mat
  artifactKey: Guid(c65ac9b9b9747f9409198fc6dc539cac) Importer(815301076,1909f56bfc062723c751e8b465ee728b)
Start importing Assets/WorldMaterialsFree/HDRPMaterials/PebbledGravel_HDRPShader.mat using Guid(c65ac9b9b9747f9409198fc6dc539cac) Importer(815301076,1909f56bfc062723c751e8b465ee728b)  -> (artifact id: '5e0096f8e84c5a09ad57016f43d836cd') in 0.028818 seconds
Number of updated asset objects reloaded before import = 0
Number of asset objects unloaded after import = 7
========================================================================
Received Import Request.
  Time since last request: 0.000074 seconds.
  path: Assets/WorldMaterialsFree/HDRPMaterials/WavySand_HDRPShader.mat
  artifactKey: Guid(2c17f54b0b03f5d43a3fbd60cf7fdd44) Importer(815301076,1909f56bfc062723c751e8b465ee728b)
Start importing Assets/WorldMaterialsFree/HDRPMaterials/WavySand_HDRPShader.mat using Guid(2c17f54b0b03f5d43a3fbd60cf7fdd44) Importer(815301076,1909f56bfc062723c751e8b465ee728b)  -> (artifact id: '061e8a1dc4fbdd202ed7b53c28be9372') in 0.029728 seconds
Number of updated asset objects reloaded before import = 0
Number of asset objects unloaded after import = 8
========================================================================
Received Import Request.
  Time since last request: 0.000066 seconds.
  path: Assets/WorldMaterialsFree/Built-In_RPMaterials/DesertSandBrick_StandardShader.mat
  artifactKey: Guid(481d1d21c29b1ed41b50472c451abfda) Importer(815301076,1909f56bfc062723c751e8b465ee728b)
Start importing Assets/WorldMaterialsFree/Built-In_RPMaterials/DesertSandBrick_StandardShader.mat using Guid(481d1d21c29b1ed41b50472c451abfda) Importer(815301076,1909f56bfc062723c751e8b465ee728b)  -> (artifact id: '11d56787f102b12bd57e02483a51df6b') in 0.035547 seconds
Number of updated asset objects reloaded before import = 0
Number of asset objects unloaded after import = 5
========================================================================
Received Import Request.
  Time since last request: 0.000027 seconds.
  path: Assets/WorldMaterialsFree/Built-In_RPMaterials/BrushedIron_WMShader.mat
  artifactKey: Guid(a293034410ea13649bd3df957b15f3ab) Importer(815301076,1909f56bfc062723c751e8b465ee728b)
Start importing Assets/WorldMaterialsFree/Built-In_RPMaterials/BrushedIron_WMShader.mat using Guid(a293034410ea13649bd3df957b15f3ab) Importer(815301076,1909f56bfc062723c751e8b465ee728b)  -> (artifact id: '0e065ccd33159aa19b237a935738af42') in 0.041169 seconds
Number of updated asset objects reloaded before import = 0
Number of asset objects unloaded after import = 7
========================================================================
Received Import Request.
  Time since last request: 0.000029 seconds.
  path: Assets/WorldMaterialsFree/HDRPMaterials/BasketWeaveBricks_HDRPShader.mat
  artifactKey: Guid(f0e9e2f8d5a8e6f4590b034daecaebea) Importer(815301076,1909f56bfc062723c751e8b465ee728b)
Start importing Assets/WorldMaterialsFree/HDRPMaterials/BasketWeaveBricks_HDRPShader.mat using Guid(f0e9e2f8d5a8e6f4590b034daecaebea) Importer(815301076,1909f56bfc062723c751e8b465ee728b)  -> (artifact id: 'f87c312d4451510bf603d3054d4eec35') in 0.035422 seconds
Number of updated asset objects reloaded before import = 0
Number of asset objects unloaded after import = 7
========================================================================
Received Import Request.
  Time since last request: 0.000034 seconds.
  path: Assets/WorldMaterialsFree/Built-In_RPMaterials/GrassClumps_WMShader.mat
  artifactKey: Guid(265c1888e0bb7ae4893432e053373ca5) Importer(815301076,1909f56bfc062723c751e8b465ee728b)
Start importing Assets/WorldMaterialsFree/Built-In_RPMaterials/GrassClumps_WMShader.mat using Guid(265c1888e0bb7ae4893432e053373ca5) Importer(815301076,1909f56bfc062723c751e8b465ee728b)  -> (artifact id: '9683562e81f26246e93be84928707623') in 0.035463 seconds
Number of updated asset objects reloaded before import = 0
Number of asset objects unloaded after import = 6
========================================================================
Received Import Request.
  Time since last request: 0.000082 seconds.
  path: Assets/WorldMaterialsFree/Built-In_RPMaterials/DesertSandBrick_WMShader.mat
  artifactKey: Guid(8bbfa9999a12c1c4ba28eb1d7932bc91) Importer(815301076,1909f56bfc062723c751e8b465ee728b)
Start importing Assets/WorldMaterialsFree/Built-In_RPMaterials/DesertSandBrick_WMShader.mat using Guid(8bbfa9999a12c1c4ba28eb1d7932bc91) Importer(815301076,1909f56bfc062723c751e8b465ee728b)  -> (artifact id: '229020a12296b07d196a7173fc87a732') in 0.035338 seconds
Number of updated asset objects reloaded before import = 0
Number of asset objects unloaded after import = 6
========================================================================
Received Import Request.
  Time since last request: 0.000041 seconds.
  path: Assets/WorldMaterialsFree/Built-In_RPMaterials/GrassGravel_WMShader.mat
  artifactKey: Guid(1b6c1d2396b618d429f058ad4102cf2a) Importer(815301076,1909f56bfc062723c751e8b465ee728b)
Start importing Assets/WorldMaterialsFree/Built-In_RPMaterials/GrassGravel_WMShader.mat using Guid(1b6c1d2396b618d429f058ad4102cf2a) Importer(815301076,1909f56bfc062723c751e8b465ee728b)  -> (artifact id: '753cf97fe7ca56f5b1c98207553ac0c5') in 0.036245 seconds
Number of updated asset objects reloaded before import = 0
Number of asset objects unloaded after import = 6
========================================================================
Received Import Request.
  Time since last request: 0.000026 seconds.
  path: Assets/WorldMaterialsFree/Resource Files/BathroomTiles/BathroomTiles_normal.png
  artifactKey: Guid(f6d214f7dc5472042aa57d89d7069aa3) Importer(815301076,1909f56bfc062723c751e8b465ee728b)
Start importing Assets/WorldMaterialsFree/Resource Files/BathroomTiles/BathroomTiles_normal.png using Guid(f6d214f7dc5472042aa57d89d7069aa3) Importer(815301076,1909f56bfc062723c751e8b465ee728b)  -> (artifact id: '01c7716acd7116ce0d9a505a7bd19458') in 0.048084 seconds
Number of updated asset objects reloaded before import = 0
Number of asset objects unloaded after import = 2
Editor requested this worker to shutdown with reason: Scaling down because of idle timeout
TcpMessagingSession - receive error
AssetImportWorkerClient::OnTransportError - code=2 error=End of file
AssetImportWorker is now disconnected from the server
Process exiting
Exiting without the bug reporter. Application will terminate with return code 0