Using pre-set license
Built from '2022.3/release' branch; Version is '2022.3.5f1 (9674261d40ee) revision 9860134'; Using compiler version '192829333'; Build Type 'Release'
OS: 'Windows 10  (10.0.19045) 64bit Professional' Language: 'es' Physical Memory: 16328 MB
BatchMode: 1, IsHumanControllingUs: 0, StartBugReporterOnCrash: 0, Is64bit: 1, IsPro: 1

COMMAND LINE ARGUMENTS:
C:\Program Files\Unity\Hub\Editor\2022.3.5f1\Editor\Unity.exe
-adb2
-batchMode
-noUpm
-name
AssetImportWorker2
-projectPath
C:/Users/dgall/PisoCompletoConCositas
-logFile
Logs/AssetImportWorker2.log
-srvPort
54409
Successfully changed project path to: C:/Users/dgall/PisoCompletoConCositas
C:/Users/dgall/PisoCompletoConCositas
[UnityMemory] Configuration Parameters - Can be set up in boot.config
    "memorysetup-bucket-allocator-granularity=16"
    "memorysetup-bucket-allocator-bucket-count=8"
    "memorysetup-bucket-allocator-block-size=33554432"
    "memorysetup-bucket-allocator-block-count=8"
    "memorysetup-main-allocator-block-size=16777216"
    "memorysetup-thread-allocator-block-size=16777216"
    "memorysetup-gfx-main-allocator-block-size=16777216"
    "memorysetup-gfx-thread-allocator-block-size=16777216"
    "memorysetup-cache-allocator-block-size=4194304"
    "memorysetup-typetree-allocator-block-size=2097152"
    "memorysetup-profiler-bucket-allocator-granularity=16"
    "memorysetup-profiler-bucket-allocator-bucket-count=8"
    "memorysetup-profiler-bucket-allocator-block-size=33554432"
    "memorysetup-profiler-bucket-allocator-block-count=8"
    "memorysetup-profiler-allocator-block-size=16777216"
    "memorysetup-profiler-editor-allocator-block-size=1048576"
    "memorysetup-temp-allocator-size-main=16777216"
    "memorysetup-job-temp-allocator-block-size=2097152"
    "memorysetup-job-temp-allocator-block-size-background=1048576"
    "memorysetup-job-temp-allocator-reduction-small-platforms=262144"
    "memorysetup-allocator-temp-initial-block-size-main=262144"
    "memorysetup-allocator-temp-initial-block-size-worker=262144"
    "memorysetup-temp-allocator-size-background-worker=32768"
    "memorysetup-temp-allocator-size-job-worker=262144"
    "memorysetup-temp-allocator-size-preload-manager=33554432"
    "memorysetup-temp-allocator-size-nav-mesh-worker=65536"
    "memorysetup-temp-allocator-size-audio-worker=65536"
    "memorysetup-temp-allocator-size-cloud-worker=32768"
    "memorysetup-temp-allocator-size-gi-baking-worker=262144"
    "memorysetup-temp-allocator-size-gfx=262144"
Player connection [24812] Host "[IP] 192.168.1.41 [Port] 0 [Flags] 2 [Guid] 2979222071 [EditorId] 2979222071 [Version] 1048832 [Id] WindowsEditor(7,DESKTOP-B0LV3SI) [Debug] 1 [PackageName] WindowsEditor [ProjectName] Editor" joined multi-casting on [225.0.0.222:54997]...

Player connection [24812] Host "[IP] 192.168.1.41 [Port] 0 [Flags] 2 [Guid] 2979222071 [EditorId] 2979222071 [Version] 1048832 [Id] WindowsEditor(7,DESKTOP-B0LV3SI) [Debug] 1 [PackageName] WindowsEditor [ProjectName] Editor" joined alternative multi-casting on [225.0.0.222:34997]...

Refreshing native plugins compatible for Editor in 9.68 ms, found 3 plugins.
Preloading 0 native plugins for Editor in 0.00 ms.
Initialize engine version: 2022.3.5f1 (9674261d40ee)
[Subsystems] Discovering subsystems at path C:/Program Files/Unity/Hub/Editor/2022.3.5f1/Editor/Data/Resources/UnitySubsystems
[Subsystems] Discovering subsystems at path C:/Users/dgall/PisoCompletoConCositas/Assets
GfxDevice: creating device client; threaded=0; jobified=0
Direct3D:
    Version:  Direct3D 11.0 [level 11.1]
    Renderer: NVIDIA GeForce RTX 2070 SUPER (ID=0x1e84)
    Vendor:   NVIDIA
    VRAM:     8003 MB
    Driver:   31.0.15.4633
Initialize mono
Mono path[0] = 'C:/Program Files/Unity/Hub/Editor/2022.3.5f1/Editor/Data/Managed'
Mono path[1] = 'C:/Program Files/Unity/Hub/Editor/2022.3.5f1/Editor/Data/MonoBleedingEdge/lib/mono/unityjit-win32'
Mono config path = 'C:/Program Files/Unity/Hub/Editor/2022.3.5f1/Editor/Data/MonoBleedingEdge/etc'
Using monoOptions --debugger-agent=transport=dt_socket,embedding=1,server=y,suspend=n,address=127.0.0.1:56432
Begin MonoManager ReloadAssembly
Registering precompiled unity dll's ...
Register platform support module: C:/Program Files/Unity/Hub/Editor/2022.3.5f1/Editor/Data/PlaybackEngines/WebGLSupport/UnityEditor.WebGL.Extensions.dll
Register platform support module: C:/Program Files/Unity/Hub/Editor/2022.3.5f1/Editor/Data/PlaybackEngines/WindowsStandaloneSupport/UnityEditor.WindowsStandalone.Extensions.dll
Registered in 0.012678 seconds.
- Loaded All Assemblies, in  0.402 seconds
Native extension for WindowsStandalone target not found
Native extension for WebGL target not found
Mono: successfully reloaded assembly
- Finished resetting the current domain, in  0.281 seconds
Domain Reload Profiling: 679ms
	BeginReloadAssembly (101ms)
		ExecutionOrderSort (0ms)
		DisableScriptedObjects (0ms)
		BackupInstance (0ms)
		ReleaseScriptingObjects (0ms)
		CreateAndSetChildDomain (1ms)
	RebuildCommonClasses (37ms)
	RebuildNativeTypeToScriptingClass (13ms)
	initialDomainReloadingComplete (72ms)
	LoadAllAssembliesAndSetupDomain (175ms)
		LoadAssemblies (99ms)
		RebuildTransferFunctionScriptingTraits (0ms)
		AnalyzeDomain (166ms)
			TypeCache.Refresh (165ms)
				TypeCache.ScanAssembly (151ms)
			ScanForSourceGeneratedMonoScriptInfo (0ms)
			ResolveRequiredComponents (1ms)
	FinalizeReload (281ms)
		ReleaseScriptCaches (0ms)
		RebuildScriptCaches (0ms)
		SetupLoadedEditorAssemblies (216ms)
			LogAssemblyErrors (0ms)
			InitializePlatformSupportModulesInManaged (12ms)
			SetLoadedEditorAssemblies (5ms)
			RefreshPlugins (0ms)
			BeforeProcessingInitializeOnLoad (2ms)
			ProcessInitializeOnLoadAttributes (144ms)
			ProcessInitializeOnLoadMethodAttributes (52ms)
			AfterProcessingInitializeOnLoad (0ms)
			EditorAssembliesLoaded (0ms)
		ExecutionOrderSort2 (0ms)
		AwakeInstancesAfterBackupRestoration (0ms)
========================================================================
Worker process is ready to serve import requests
Begin MonoManager ReloadAssembly
Symbol file LoadedFromMemory doesn't match image C:\Users\dgall\PisoCompletoConCositas\Library\PackageCache\com.unity.visualscripting@1.8.0\Editor\VisualScripting.Core\Dependencies\YamlDotNet\Unity.VisualScripting.YamlDotNet.dll
Symbol file LoadedFromMemory doesn't match image C:\Users\dgall\PisoCompletoConCositas\Library\PackageCache\com.unity.visualscripting@1.8.0\Editor\VisualScripting.Core\Dependencies\DotNetZip\Unity.VisualScripting.IonicZip.dll
- Loaded All Assemblies, in  0.850 seconds
Refreshing native plugins compatible for Editor in 3.48 ms, found 3 plugins.
Native extension for WindowsStandalone target not found
Native extension for WebGL target not found
Mono: successfully reloaded assembly
- Finished resetting the current domain, in  0.542 seconds
Domain Reload Profiling: 1389ms
	BeginReloadAssembly (143ms)
		ExecutionOrderSort (0ms)
		DisableScriptedObjects (6ms)
		BackupInstance (0ms)
		ReleaseScriptingObjects (0ms)
		CreateAndSetChildDomain (21ms)
	RebuildCommonClasses (41ms)
	RebuildNativeTypeToScriptingClass (14ms)
	initialDomainReloadingComplete (55ms)
	LoadAllAssembliesAndSetupDomain (594ms)
		LoadAssemblies (325ms)
		RebuildTransferFunctionScriptingTraits (0ms)
		AnalyzeDomain (338ms)
			TypeCache.Refresh (318ms)
				TypeCache.ScanAssembly (303ms)
			ScanForSourceGeneratedMonoScriptInfo (16ms)
			ResolveRequiredComponents (4ms)
	FinalizeReload (543ms)
		ReleaseScriptCaches (0ms)
		RebuildScriptCaches (0ms)
		SetupLoadedEditorAssemblies (385ms)
			LogAssemblyErrors (0ms)
			InitializePlatformSupportModulesInManaged (9ms)
			SetLoadedEditorAssemblies (5ms)
			RefreshPlugins (0ms)
			BeforeProcessingInitializeOnLoad (66ms)
			ProcessInitializeOnLoadAttributes (267ms)
			ProcessInitializeOnLoadMethodAttributes (29ms)
			AfterProcessingInitializeOnLoad (10ms)
			EditorAssembliesLoaded (0ms)
		ExecutionOrderSort2 (0ms)
		AwakeInstancesAfterBackupRestoration (9ms)
Launched and connected shader compiler UnityShaderCompiler.exe after 0.06 seconds
Refreshing native plugins compatible for Editor in 3.33 ms, found 3 plugins.
Preloading 0 native plugins for Editor in 0.00 ms.
Unloading 3190 Unused Serialized files (Serialized files now loaded: 0)
Unloading 35 unused Assets / (57.0 KB). Loaded Objects now: 3674.
Memory consumption went from 132.8 MB to 132.8 MB.
Total: 4.056400 ms (FindLiveObjects: 0.342700 ms CreateObjectMapping: 0.085300 ms MarkObjects: 3.471800 ms  DeleteObjects: 0.155200 ms)

AssetImportParameters requested are different than current active one (requested -> active):
  custom:container-demuxer-ogg: 62fdf1f143b41e24485cea50d1cbac27 -> 
  custom:video-decoder-ogg-theora: a1e56fd34408186e4bbccfd4996cb3dc -> 
  custom:framework-win-MediaFoundation: 216162199b28c13a410421893ffa2e32 -> 
  custom:CustomObjectIndexerAttribute: 756ad292c208cfabdd7b50bc23989ffe -> 
  custom:container-demuxer-webm: 4f35f7cbe854078d1ac9338744f61a02 -> 
  custom:container-muxer-webm: aa71ff27fc2769a1b78a27578f13a17b -> 
  custom:video-decoder-webm-vp8: 9c59270c3fd7afecdb556c50c9e8de78 -> 
  custom:AudioImporter_EditorPlatform: d09bf68614088b80899f8185d706f6e7 -> 
  custom:video-encoder-webm-vp8: eb34c28f22e8b96e1ab97ce403110664 -> 
  custom:audio-decoder-ogg-vorbis: bf7c407c2cedff20999df2af8eb42d56 -> 
  custom:audio-encoder-webm-vorbis: bf7c407c2cedff20999df2af8eb42d56 -> 
========================================================================
Received Prepare
Begin MonoManager ReloadAssembly
Symbol file LoadedFromMemory doesn't match image C:\Users\dgall\PisoCompletoConCositas\Library\PackageCache\com.unity.visualscripting@1.8.0\Editor\VisualScripting.Core\Dependencies\YamlDotNet\Unity.VisualScripting.YamlDotNet.dll
Symbol file LoadedFromMemory doesn't match image C:\Users\dgall\PisoCompletoConCositas\Library\PackageCache\com.unity.visualscripting@1.8.0\Editor\VisualScripting.Core\Dependencies\DotNetZip\Unity.VisualScripting.IonicZip.dll
- Loaded All Assemblies, in  0.879 seconds
Refreshing native plugins compatible for Editor in 3.27 ms, found 3 plugins.
Native extension for WindowsStandalone target not found
Native extension for WebGL target not found
Mono: successfully reloaded assembly
- Finished resetting the current domain, in  1.088 seconds
Domain Reload Profiling: 1962ms
	BeginReloadAssembly (180ms)
		ExecutionOrderSort (0ms)
		DisableScriptedObjects (8ms)
		BackupInstance (0ms)
		ReleaseScriptingObjects (0ms)
		CreateAndSetChildDomain (48ms)
	RebuildCommonClasses (43ms)
	RebuildNativeTypeToScriptingClass (12ms)
	initialDomainReloadingComplete (42ms)
	LoadAllAssembliesAndSetupDomain (596ms)
		LoadAssemblies (335ms)
		RebuildTransferFunctionScriptingTraits (0ms)
		AnalyzeDomain (336ms)
			TypeCache.Refresh (332ms)
				TypeCache.ScanAssembly (318ms)
			ScanForSourceGeneratedMonoScriptInfo (0ms)
			ResolveRequiredComponents (4ms)
	FinalizeReload (1089ms)
		ReleaseScriptCaches (0ms)
		RebuildScriptCaches (0ms)
		SetupLoadedEditorAssemblies (445ms)
			LogAssemblyErrors (0ms)
			InitializePlatformSupportModulesInManaged (11ms)
			SetLoadedEditorAssemblies (5ms)
			RefreshPlugins (0ms)
			BeforeProcessingInitializeOnLoad (91ms)
			ProcessInitializeOnLoadAttributes (287ms)
			ProcessInitializeOnLoadMethodAttributes (34ms)
			AfterProcessingInitializeOnLoad (14ms)
			EditorAssembliesLoaded (2ms)
		ExecutionOrderSort2 (0ms)
		AwakeInstancesAfterBackupRestoration (13ms)
Refreshing native plugins compatible for Editor in 4.90 ms, found 3 plugins.
Preloading 0 native plugins for Editor in 0.00 ms.
Unloading 3170 Unused Serialized files (Serialized files now loaded: 0)
Unloading 22 unused Assets / (30.6 KB). Loaded Objects now: 3677.
Memory consumption went from 128.8 MB to 128.8 MB.
Total: 4.037600 ms (FindLiveObjects: 0.538400 ms CreateObjectMapping: 0.112800 ms MarkObjects: 3.314100 ms  DeleteObjects: 0.070200 ms)

Prepare: number of updated asset objects reloaded= 0
AssetImportParameters requested are different than current active one (requested -> active):
  custom:container-demuxer-ogg: 62fdf1f143b41e24485cea50d1cbac27 -> 
  custom:video-decoder-ogg-theora: a1e56fd34408186e4bbccfd4996cb3dc -> 
  custom:framework-win-MediaFoundation: 216162199b28c13a410421893ffa2e32 -> 
  custom:CustomObjectIndexerAttribute: 756ad292c208cfabdd7b50bc23989ffe -> 
  custom:container-demuxer-webm: 4f35f7cbe854078d1ac9338744f61a02 -> 
  custom:container-muxer-webm: aa71ff27fc2769a1b78a27578f13a17b -> 
  custom:video-decoder-webm-vp8: 9c59270c3fd7afecdb556c50c9e8de78 -> 
  custom:AudioImporter_EditorPlatform: d09bf68614088b80899f8185d706f6e7 -> 
  custom:video-encoder-webm-vp8: eb34c28f22e8b96e1ab97ce403110664 -> 
  custom:audio-decoder-ogg-vorbis: bf7c407c2cedff20999df2af8eb42d56 -> 
  custom:audio-encoder-webm-vorbis: bf7c407c2cedff20999df2af8eb42d56 -> 
========================================================================
Received Import Request.
  Time since last request: 10797.311870 seconds.
  path: Assets/Materiales/light-plank-flooring-unity/Materials
  artifactKey: Guid(0340f3a202ff5024088e94c8cdab34c2) Importer(815301076,1909f56bfc062723c751e8b465ee728b)
Start importing Assets/Materiales/light-plank-flooring-unity/Materials using Guid(0340f3a202ff5024088e94c8cdab34c2) Importer(815301076,1909f56bfc062723c751e8b465ee728b)  -> (artifact id: '9332b34949cff89a7d1c162d08335cd3') in 0.004376 seconds
Number of updated asset objects reloaded before import = 0
Number of asset objects unloaded after import = 0
========================================================================
Received Import Request.
  Time since last request: 0.036617 seconds.
  path: Assets/Materiales/light-plank-flooring-unity/Materials/light-plank-flooring_albedo.mat
  artifactKey: Guid(c5db830b0ab5d3f48b75fd077406a25a) Importer(815301076,1909f56bfc062723c751e8b465ee728b)
Start importing Assets/Materiales/light-plank-flooring-unity/Materials/light-plank-flooring_albedo.mat using Guid(c5db830b0ab5d3f48b75fd077406a25a) Importer(815301076,1909f56bfc062723c751e8b465ee728b)  -> (artifact id: '10f03dfea90bb57372597dd48d09c6bf') in 0.170804 seconds
Number of updated asset objects reloaded before import = 0
Number of asset objects unloaded after import = 2
========================================================================
Received Import Request.
  Time since last request: 203.104027 seconds.
  path: Assets/WorldMaterialsFree/Shaders/WMVolumeGlobalFree.asset
  artifactKey: Guid(3606d8f6510a45444851ab00901a07c2) Importer(815301076,1909f56bfc062723c751e8b465ee728b)
Start importing Assets/WorldMaterialsFree/Shaders/WMVolumeGlobalFree.asset using Guid(3606d8f6510a45444851ab00901a07c2) Importer(815301076,1909f56bfc062723c751e8b465ee728b)  -> (artifact id: '39a1601cf01063191c1ba690245fca13') in 0.001758 seconds
Number of updated asset objects reloaded before import = 0
Number of asset objects unloaded after import = 1
========================================================================
Received Import Request.
  Time since last request: 0.610466 seconds.
  path: Assets/WorldMaterialsFree/URPMaterials/AgedDarkWood_URPShader.mat
  artifactKey: Guid(fb6b7ccecbc0051419eb61f0e99f6443) Importer(815301076,1909f56bfc062723c751e8b465ee728b)
Start importing Assets/WorldMaterialsFree/URPMaterials/AgedDarkWood_URPShader.mat using Guid(fb6b7ccecbc0051419eb61f0e99f6443) Importer(815301076,1909f56bfc062723c751e8b465ee728b)  -> (artifact id: '233d1ac345fc79001cc94dc8ae587bf1') in 0.086667 seconds
Number of updated asset objects reloaded before import = 0
Number of asset objects unloaded after import = 7
========================================================================
Received Import Request.
  Time since last request: 0.000028 seconds.
  path: Assets/WorldMaterialsFree/URPMaterials/CoarseConcrete_URPShader.mat
  artifactKey: Guid(a159f432676796c4cba4fdd02834e8df) Importer(815301076,1909f56bfc062723c751e8b465ee728b)
Start importing Assets/WorldMaterialsFree/URPMaterials/CoarseConcrete_URPShader.mat using Guid(a159f432676796c4cba4fdd02834e8df) Importer(815301076,1909f56bfc062723c751e8b465ee728b)  -> (artifact id: '57f756f32d2e0f3c0a235eb1cc00c814') in 0.035480 seconds
Number of updated asset objects reloaded before import = 0
Number of asset objects unloaded after import = 7
========================================================================
Received Import Request.
  Time since last request: 0.000026 seconds.
  path: Assets/WorldMaterialsFree/URPMaterials/GrassGravel_URPShader.mat
  artifactKey: Guid(39961ee0aa5ac2d41ac462b57c29b50f) Importer(815301076,1909f56bfc062723c751e8b465ee728b)
Start importing Assets/WorldMaterialsFree/URPMaterials/GrassGravel_URPShader.mat using Guid(39961ee0aa5ac2d41ac462b57c29b50f) Importer(815301076,1909f56bfc062723c751e8b465ee728b)  -> (artifact id: 'e5655c2e9f898a5e2b5d5186c308e844') in 0.031877 seconds
Number of updated asset objects reloaded before import = 0
Number of asset objects unloaded after import = 7
========================================================================
Received Import Request.
  Time since last request: 0.000036 seconds.
  path: Assets/WorldMaterialsFree/URPMaterials/WavySand_URPShader.mat
  artifactKey: Guid(65680adb3acaf25498be652482606b91) Importer(815301076,1909f56bfc062723c751e8b465ee728b)
Start importing Assets/WorldMaterialsFree/URPMaterials/WavySand_URPShader.mat using Guid(65680adb3acaf25498be652482606b91) Importer(815301076,1909f56bfc062723c751e8b465ee728b)  -> (artifact id: '3395891eb830d7cbffcdd8297e6f59cf') in 0.027306 seconds
Number of updated asset objects reloaded before import = 0
Number of asset objects unloaded after import = 8
========================================================================
Received Import Request.
  Time since last request: 0.000019 seconds.
  path: Assets/WorldMaterialsFree/URPMaterials/GrassClumps_URPShader.mat
  artifactKey: Guid(69ade465236531b4ab4043c198517b60) Importer(815301076,1909f56bfc062723c751e8b465ee728b)
Start importing Assets/WorldMaterialsFree/URPMaterials/GrassClumps_URPShader.mat using Guid(69ade465236531b4ab4043c198517b60) Importer(815301076,1909f56bfc062723c751e8b465ee728b)  -> (artifact id: '68dc91738caa17132f2db51cacbd834a') in 0.031421 seconds
Number of updated asset objects reloaded before import = 0
Number of asset objects unloaded after import = 7
========================================================================
Received Import Request.
  Time since last request: 0.000023 seconds.
  path: Assets/WorldMaterialsFree/URPMaterials/SimpleRedBricks_URPShader.mat
  artifactKey: Guid(ee19e7bdbd2923340aa8973e1d4230b1) Importer(815301076,1909f56bfc062723c751e8b465ee728b)
Start importing Assets/WorldMaterialsFree/URPMaterials/SimpleRedBricks_URPShader.mat using Guid(ee19e7bdbd2923340aa8973e1d4230b1) Importer(815301076,1909f56bfc062723c751e8b465ee728b)  -> (artifact id: 'a6b8aafa41f3a9ddbeae12437a91106d') in 0.029091 seconds
Number of updated asset objects reloaded before import = 0
Number of asset objects unloaded after import = 7
========================================================================
Received Import Request.
  Time since last request: 0.000029 seconds.
  path: Assets/WorldMaterialsFree/URPMaterials/PlainWhiteFabric_URPShader.mat
  artifactKey: Guid(cf3da56f55dc78845aa9ee532679ca9a) Importer(815301076,1909f56bfc062723c751e8b465ee728b)
Start importing Assets/WorldMaterialsFree/URPMaterials/PlainWhiteFabric_URPShader.mat using Guid(cf3da56f55dc78845aa9ee532679ca9a) Importer(815301076,1909f56bfc062723c751e8b465ee728b)  -> (artifact id: '52c46bdd80b0f7905003e8dabdf86370') in 0.026491 seconds
Number of updated asset objects reloaded before import = 0
Number of asset objects unloaded after import = 7
========================================================================
Received Import Request.
  Time since last request: 0.000021 seconds.
  path: Assets/WorldMaterialsFree/URPMaterials/DesertCliffRock_URPShader.mat
  artifactKey: Guid(1153a8a01726b4c468ed97bc6f71373e) Importer(815301076,1909f56bfc062723c751e8b465ee728b)
Start importing Assets/WorldMaterialsFree/URPMaterials/DesertCliffRock_URPShader.mat using Guid(1153a8a01726b4c468ed97bc6f71373e) Importer(815301076,1909f56bfc062723c751e8b465ee728b)  -> (artifact id: '02383aa20528d0f60973142990f976d9') in 0.026328 seconds
Number of updated asset objects reloaded before import = 0
Number of asset objects unloaded after import = 7
========================================================================
Received Import Request.
  Time since last request: 0.000025 seconds.
  path: Assets/WorldMaterialsFree/URPMaterials/WoodenFlooring_URPShader.mat
  artifactKey: Guid(74c7b8e3ed8d60740ad629198f468a2e) Importer(815301076,1909f56bfc062723c751e8b465ee728b)
Start importing Assets/WorldMaterialsFree/URPMaterials/WoodenFlooring_URPShader.mat using Guid(74c7b8e3ed8d60740ad629198f468a2e) Importer(815301076,1909f56bfc062723c751e8b465ee728b)  -> (artifact id: '4297375adfdb69c7f85a0a733fc3746d') in 0.028179 seconds
Number of updated asset objects reloaded before import = 0
Number of asset objects unloaded after import = 7
========================================================================
Received Import Request.
  Time since last request: 4.696402 seconds.
  path: Assets/WorldMaterialsFree/Resource Files/WavySand/WavySand_albedo.png
  artifactKey: Guid(6f71fbb013381db4bb78e6d59ddb1b9b) Importer(815301076,1909f56bfc062723c751e8b465ee728b)
Start importing Assets/WorldMaterialsFree/Resource Files/WavySand/WavySand_albedo.png using Guid(6f71fbb013381db4bb78e6d59ddb1b9b) Importer(815301076,1909f56bfc062723c751e8b465ee728b)  -> (artifact id: '1473075c164c72eec8d7ed87a5e020c6') in 0.043723 seconds
Number of updated asset objects reloaded before import = 0
Number of asset objects unloaded after import = 2
========================================================================
Received Import Request.
  Time since last request: 0.000030 seconds.
  path: Assets/WorldMaterialsFree/Resource Files/WavySand/WavySand_metallic.png
  artifactKey: Guid(7a0e85a29815b734bb3082678d06853d) Importer(815301076,1909f56bfc062723c751e8b465ee728b)
Start importing Assets/WorldMaterialsFree/Resource Files/WavySand/WavySand_metallic.png using Guid(7a0e85a29815b734bb3082678d06853d) Importer(815301076,1909f56bfc062723c751e8b465ee728b)  -> (artifact id: 'a1cf5575c8f6cd89a24a22a8c554567d') in 0.038342 seconds
Number of updated asset objects reloaded before import = 0
Number of asset objects unloaded after import = 2
========================================================================
Received Import Request.
  Time since last request: 0.000020 seconds.
  path: Assets/WorldMaterialsFree/Resource Files/WavySand/WavySand_AO.png
  artifactKey: Guid(e73541d8064b2a348b9682198d10f2ed) Importer(815301076,1909f56bfc062723c751e8b465ee728b)
Start importing Assets/WorldMaterialsFree/Resource Files/WavySand/WavySand_AO.png using Guid(e73541d8064b2a348b9682198d10f2ed) Importer(815301076,1909f56bfc062723c751e8b465ee728b)  -> (artifact id: '8a4c45fc42fa043b6499efcf312db168') in 0.039088 seconds
Number of updated asset objects reloaded before import = 0
Number of asset objects unloaded after import = 2
========================================================================
Received Import Request.
  Time since last request: 1.785165 seconds.
  path: Assets/WorldMaterialsFree/Resource Files/DesertCliffRock/DesertCliffRock_normal.png
  artifactKey: Guid(849cfd9762b661d43bde99a183d4ada7) Importer(815301076,1909f56bfc062723c751e8b465ee728b)
Start importing Assets/WorldMaterialsFree/Resource Files/DesertCliffRock/DesertCliffRock_normal.png using Guid(849cfd9762b661d43bde99a183d4ada7) Importer(815301076,1909f56bfc062723c751e8b465ee728b)  -> (artifact id: '77212ccf5289d4c1e00be0a933a35100') in 0.057610 seconds
Number of updated asset objects reloaded before import = 0
Number of asset objects unloaded after import = 2
========================================================================
Received Import Request.
  Time since last request: 0.502572 seconds.
  path: Assets/WorldMaterialsFree/Resource Files/AgedDarkWood/AgedDarkWood_Normal.png
  artifactKey: Guid(429af1c44709aab47a20350761071b9d) Importer(815301076,1909f56bfc062723c751e8b465ee728b)
Start importing Assets/WorldMaterialsFree/Resource Files/AgedDarkWood/AgedDarkWood_Normal.png using Guid(429af1c44709aab47a20350761071b9d) Importer(815301076,1909f56bfc062723c751e8b465ee728b)  -> (artifact id: 'f78ad9a2ff20d8ffdf3b59d00f425d1a') in 0.043040 seconds
Number of updated asset objects reloaded before import = 0
Number of asset objects unloaded after import = 2
========================================================================
Received Import Request.
  Time since last request: 10.535799 seconds.
  path: Assets/WorldMaterialsFree/Resource Files/AgedDarkWood/AgedDarkWood_YFliped_Normal.png
  artifactKey: Guid(5c52d08d6728d464e878090e9ea822ad) Importer(815301076,1909f56bfc062723c751e8b465ee728b)
Start importing Assets/WorldMaterialsFree/Resource Files/AgedDarkWood/AgedDarkWood_YFliped_Normal.png using Guid(5c52d08d6728d464e878090e9ea822ad) Importer(815301076,1909f56bfc062723c751e8b465ee728b)  -> (artifact id: '0e60dcefef805d8b7b108bd171d7fe0e') in 0.029750 seconds
Number of updated asset objects reloaded before import = 0
Number of asset objects unloaded after import = 2
========================================================================
Received Import Request.
  Time since last request: 4.183219 seconds.
  path: Assets/WorldMaterialsFree/Resource Files/BasketWeaveBricks/BasketWeaveBricks_ao.png
  artifactKey: Guid(c75c7b152cad0d84fbf8caa89105ea3c) Importer(815301076,1909f56bfc062723c751e8b465ee728b)
Start importing Assets/WorldMaterialsFree/Resource Files/BasketWeaveBricks/BasketWeaveBricks_ao.png using Guid(c75c7b152cad0d84fbf8caa89105ea3c) Importer(815301076,1909f56bfc062723c751e8b465ee728b)  -> (artifact id: 'c0a1be78bf8d3c748f123c86ff1367fa') in 0.035175 seconds
Number of updated asset objects reloaded before import = 0
Number of asset objects unloaded after import = 2
========================================================================
Received Import Request.
  Time since last request: 0.000018 seconds.
  path: Assets/WorldMaterialsFree/Resource Files/BasketWeaveBricks/BasketWeaveBricks_Smoothness.png
  artifactKey: Guid(b05bb9ac27530194f9ce4086ccac645c) Importer(815301076,1909f56bfc062723c751e8b465ee728b)
Start importing Assets/WorldMaterialsFree/Resource Files/BasketWeaveBricks/BasketWeaveBricks_Smoothness.png using Guid(b05bb9ac27530194f9ce4086ccac645c) Importer(815301076,1909f56bfc062723c751e8b465ee728b)  -> (artifact id: '4e0f61ed46879ade3e4b689a2619f04d') in 0.035764 seconds
Number of updated asset objects reloaded before import = 0
Number of asset objects unloaded after import = 2
========================================================================
Received Import Request.
  Time since last request: 13.915222 seconds.
  path: Assets/WorldMaterialsFree/Resource Files/WoodenFlooring/WoodenFlooring_AO.png
  artifactKey: Guid(87b24c57073d5b447928e2648ff7b1f4) Importer(815301076,1909f56bfc062723c751e8b465ee728b)
Start importing Assets/WorldMaterialsFree/Resource Files/WoodenFlooring/WoodenFlooring_AO.png using Guid(87b24c57073d5b447928e2648ff7b1f4) Importer(815301076,1909f56bfc062723c751e8b465ee728b)  -> (artifact id: 'ed115fe3cd325549bb072d3366014323') in 0.035644 seconds
Number of updated asset objects reloaded before import = 0
Number of asset objects unloaded after import = 2
========================================================================
Received Import Request.
  Time since last request: 0.000016 seconds.
  path: Assets/WorldMaterialsFree/Resource Files/WoodenFlooring/WoodenFlooring_YFliped_Normal.png
  artifactKey: Guid(ddee466986ec720449081b01f389fe94) Importer(815301076,1909f56bfc062723c751e8b465ee728b)
Start importing Assets/WorldMaterialsFree/Resource Files/WoodenFlooring/WoodenFlooring_YFliped_Normal.png using Guid(ddee466986ec720449081b01f389fe94) Importer(815301076,1909f56bfc062723c751e8b465ee728b)  -> (artifact id: '99a6903875be4a04c5a3a455491ab23b') in 0.035433 seconds
Number of updated asset objects reloaded before import = 0
Number of asset objects unloaded after import = 2
========================================================================
Received Import Request.
  Time since last request: 28.884608 seconds.
  path: Assets/WorldMaterialsFree/Resource Files/SimpleRedBricks/SimpleRedBricks_AO.png
  artifactKey: Guid(becacdba4f01e4140b81a2f0d330b994) Importer(815301076,1909f56bfc062723c751e8b465ee728b)
Start importing Assets/WorldMaterialsFree/Resource Files/SimpleRedBricks/SimpleRedBricks_AO.png using Guid(becacdba4f01e4140b81a2f0d330b994) Importer(815301076,1909f56bfc062723c751e8b465ee728b)  -> (artifact id: '45aad3197ec63f101854955cc7361992') in 0.038062 seconds
Number of updated asset objects reloaded before import = 0
Number of asset objects unloaded after import = 2
========================================================================
Received Import Request.
  Time since last request: 0.000039 seconds.
  path: Assets/WorldMaterialsFree/Resource Files/SimpleRedBricks/SimpleRedBricks_roughness.png
  artifactKey: Guid(152eb464a6b34704da15fc721bf15b3b) Importer(815301076,1909f56bfc062723c751e8b465ee728b)
Start importing Assets/WorldMaterialsFree/Resource Files/SimpleRedBricks/SimpleRedBricks_roughness.png using Guid(152eb464a6b34704da15fc721bf15b3b) Importer(815301076,1909f56bfc062723c751e8b465ee728b)  -> (artifact id: '8c3982c19107f7cefdea258d26490cda') in 0.033995 seconds
Number of updated asset objects reloaded before import = 0
Number of asset objects unloaded after import = 2
========================================================================
Received Import Request.
  Time since last request: 1.526100 seconds.
  path: Assets/WorldMaterialsFree/Resource Files/PlainFabric/PlainFabric_AO.png
  artifactKey: Guid(f2cd96d15ec35434a9d1a25da2376197) Importer(815301076,1909f56bfc062723c751e8b465ee728b)
Start importing Assets/WorldMaterialsFree/Resource Files/PlainFabric/PlainFabric_AO.png using Guid(f2cd96d15ec35434a9d1a25da2376197) Importer(815301076,1909f56bfc062723c751e8b465ee728b)  -> (artifact id: '80cf872c5603eecb14938237b906e161') in 0.031653 seconds
Number of updated asset objects reloaded before import = 0
Number of asset objects unloaded after import = 2
========================================================================
Received Import Request.
  Time since last request: 0.000023 seconds.
  path: Assets/WorldMaterialsFree/Resource Files/PlainFabric/PlainFabric_roughness.png
  artifactKey: Guid(abf415518e7643c46b244dcbd4d280a9) Importer(815301076,1909f56bfc062723c751e8b465ee728b)
Start importing Assets/WorldMaterialsFree/Resource Files/PlainFabric/PlainFabric_roughness.png using Guid(abf415518e7643c46b244dcbd4d280a9) Importer(815301076,1909f56bfc062723c751e8b465ee728b)  -> (artifact id: '3fcc063dd318f597662b9f4fe2621232') in 0.034418 seconds
Number of updated asset objects reloaded before import = 0
Number of asset objects unloaded after import = 2
========================================================================
Received Import Request.
  Time since last request: 0.812932 seconds.
  path: Assets/WorldMaterialsFree/Resource Files/PebbledGravel/PebbledGravel_ao.png
  artifactKey: Guid(74968bcc596691b4fab1a164c84c1d5a) Importer(815301076,1909f56bfc062723c751e8b465ee728b)
Start importing Assets/WorldMaterialsFree/Resource Files/PebbledGravel/PebbledGravel_ao.png using Guid(74968bcc596691b4fab1a164c84c1d5a) Importer(815301076,1909f56bfc062723c751e8b465ee728b)  -> (artifact id: '482895fafc00651762d1cc15018f14ae') in 0.036262 seconds
Number of updated asset objects reloaded before import = 0
Number of asset objects unloaded after import = 2
========================================================================
Received Import Request.
  Time since last request: 0.000040 seconds.
  path: Assets/WorldMaterialsFree/Resource Files/PebbledGravel/PebbledGravel_roughness.png
  artifactKey: Guid(0a3b136fa9127b6428344bfdfa8be4c6) Importer(815301076,1909f56bfc062723c751e8b465ee728b)
Start importing Assets/WorldMaterialsFree/Resource Files/PebbledGravel/PebbledGravel_roughness.png using Guid(0a3b136fa9127b6428344bfdfa8be4c6) Importer(815301076,1909f56bfc062723c751e8b465ee728b)  -> (artifact id: 'f38a74b8a4101643dcc32a38a3a639a3') in 0.037255 seconds
Number of updated asset objects reloaded before import = 0
Number of asset objects unloaded after import = 2
========================================================================
Received Import Request.
  Time since last request: 0.542499 seconds.
  path: Assets/WorldMaterialsFree/Resource Files/HexBricks/HexBricks_AO.png
  artifactKey: Guid(4649392a20f684241bedd6e5f47d1c7f) Importer(815301076,1909f56bfc062723c751e8b465ee728b)
Start importing Assets/WorldMaterialsFree/Resource Files/HexBricks/HexBricks_AO.png using Guid(4649392a20f684241bedd6e5f47d1c7f) Importer(815301076,1909f56bfc062723c751e8b465ee728b)  -> (artifact id: '484acab2f641cdf2d75ba2d591d91919') in 0.032227 seconds
Number of updated asset objects reloaded before import = 0
Number of asset objects unloaded after import = 2
========================================================================
Received Import Request.
  Time since last request: 0.687195 seconds.
  path: Assets/WorldMaterialsFree/Resource Files/GrassGravel/GrassGravel_ao.png
  artifactKey: Guid(08abe4ebe80f2a8419b792acb0d20542) Importer(815301076,1909f56bfc062723c751e8b465ee728b)
Start importing Assets/WorldMaterialsFree/Resource Files/GrassGravel/GrassGravel_ao.png using Guid(08abe4ebe80f2a8419b792acb0d20542) Importer(815301076,1909f56bfc062723c751e8b465ee728b)  -> (artifact id: '0a0e54a1d947ef98c3abc594be78cb24') in 0.031429 seconds
Number of updated asset objects reloaded before import = 0
Number of asset objects unloaded after import = 2
========================================================================
Received Import Request.
  Time since last request: 0.000023 seconds.
  path: Assets/WorldMaterialsFree/Resource Files/GrassGravel/GrassGravel_YFliped_normal.png
  artifactKey: Guid(22da1a499fabde34888dba098e5c9d50) Importer(815301076,1909f56bfc062723c751e8b465ee728b)
Start importing Assets/WorldMaterialsFree/Resource Files/GrassGravel/GrassGravel_YFliped_normal.png using Guid(22da1a499fabde34888dba098e5c9d50) Importer(815301076,1909f56bfc062723c751e8b465ee728b)  -> (artifact id: '5c7ca0d4059e72dd7aa10c53f66efa5a') in 0.036685 seconds
Number of updated asset objects reloaded before import = 0
Number of asset objects unloaded after import = 2
========================================================================
Received Import Request.
  Time since last request: 1.177252 seconds.
  path: Assets/WorldMaterialsFree/Resource Files/GrassClumps/GrassClumps_ao.png
  artifactKey: Guid(b0f89689d918fce4ca715e2d2f50bb44) Importer(815301076,1909f56bfc062723c751e8b465ee728b)
Start importing Assets/WorldMaterialsFree/Resource Files/GrassClumps/GrassClumps_ao.png using Guid(b0f89689d918fce4ca715e2d2f50bb44) Importer(815301076,1909f56bfc062723c751e8b465ee728b)  -> (artifact id: 'fb34e9d218cf5449add9b55ba93f075b') in 0.035296 seconds
Number of updated asset objects reloaded before import = 0
Number of asset objects unloaded after import = 2
========================================================================
Received Import Request.
  Time since last request: 0.000021 seconds.
  path: Assets/WorldMaterialsFree/Resource Files/GrassClumps/GrassClumps_roughness.png
  artifactKey: Guid(5cf8ace01dc2f4544a271b07596e820e) Importer(815301076,1909f56bfc062723c751e8b465ee728b)
Start importing Assets/WorldMaterialsFree/Resource Files/GrassClumps/GrassClumps_roughness.png using Guid(5cf8ace01dc2f4544a271b07596e820e) Importer(815301076,1909f56bfc062723c751e8b465ee728b)  -> (artifact id: 'f25ee650c850ba309c99b921dddf4359') in 0.044626 seconds
Number of updated asset objects reloaded before import = 0
Number of asset objects unloaded after import = 2
========================================================================
Received Import Request.
  Time since last request: 0.866758 seconds.
  path: Assets/WorldMaterialsFree/Resource Files/DryRockyDirt/DryRockyDirt_AO.png
  artifactKey: Guid(d48b0ca5ba64be44396e2336c27b3c4b) Importer(815301076,1909f56bfc062723c751e8b465ee728b)
Start importing Assets/WorldMaterialsFree/Resource Files/DryRockyDirt/DryRockyDirt_AO.png using Guid(d48b0ca5ba64be44396e2336c27b3c4b) Importer(815301076,1909f56bfc062723c751e8b465ee728b)  -> (artifact id: 'cf87b8657f92ac872f5015dc1f18225c') in 0.032952 seconds
Number of updated asset objects reloaded before import = 0
Number of asset objects unloaded after import = 2
========================================================================
Received Import Request.
  Time since last request: 0.000034 seconds.
  path: Assets/WorldMaterialsFree/Resource Files/DryRockyDirt/DryRockyDirt_YFliped_Normal.png
  artifactKey: Guid(185ea4de8a5e15446a84d3e1a0e26db9) Importer(815301076,1909f56bfc062723c751e8b465ee728b)
Start importing Assets/WorldMaterialsFree/Resource Files/DryRockyDirt/DryRockyDirt_YFliped_Normal.png using Guid(185ea4de8a5e15446a84d3e1a0e26db9) Importer(815301076,1909f56bfc062723c751e8b465ee728b)  -> (artifact id: '2da05e827c2d1383b481f467f1a862fc') in 0.038839 seconds
Number of updated asset objects reloaded before import = 0
Number of asset objects unloaded after import = 2
========================================================================
Received Import Request.
  Time since last request: 140.205606 seconds.
  path: Assets/WorldMaterialsFree/Resource Files/DesertCliffRock/DesertCliffRock_roughness.png
  artifactKey: Guid(8a43d49b2d423ca43b66c224d8f108d1) Importer(815301076,1909f56bfc062723c751e8b465ee728b)
Start importing Assets/WorldMaterialsFree/Resource Files/DesertCliffRock/DesertCliffRock_roughness.png using Guid(8a43d49b2d423ca43b66c224d8f108d1) Importer(815301076,1909f56bfc062723c751e8b465ee728b)  -> (artifact id: 'a9aad2edc971f50fa68deb36d18e7162') in 0.034101 seconds
Number of updated asset objects reloaded before import = 0
Number of asset objects unloaded after import = 2
========================================================================
Received Import Request.
  Time since last request: 0.294554 seconds.
  path: Assets/WorldMaterialsFree/Resource Files/CoarseConcrete/CoarseConcrete_Albedo.png
  artifactKey: Guid(f176ea04b25f35b4b891496779cb59ab) Importer(815301076,1909f56bfc062723c751e8b465ee728b)
Start importing Assets/WorldMaterialsFree/Resource Files/CoarseConcrete/CoarseConcrete_Albedo.png using Guid(f176ea04b25f35b4b891496779cb59ab) Importer(815301076,1909f56bfc062723c751e8b465ee728b)  -> (artifact id: 'f982562b80fa8a73ff3bc6a31c517c82') in 0.044956 seconds
Number of updated asset objects reloaded before import = 0
Number of asset objects unloaded after import = 2
========================================================================
Received Import Request.
  Time since last request: 0.000021 seconds.
  path: Assets/WorldMaterialsFree/Resource Files/CoarseConcrete/CoarseConcrete_height.png
  artifactKey: Guid(aa9dea029b072b042bf02fc464e0b12f) Importer(815301076,1909f56bfc062723c751e8b465ee728b)
Start importing Assets/WorldMaterialsFree/Resource Files/CoarseConcrete/CoarseConcrete_height.png using Guid(aa9dea029b072b042bf02fc464e0b12f) Importer(815301076,1909f56bfc062723c751e8b465ee728b)  -> (artifact id: '1dd7a3aeb6ddeeb9a3d555e89b1c5163') in 0.050958 seconds
Number of updated asset objects reloaded before import = 0
Number of asset objects unloaded after import = 2
========================================================================
Received Import Request.
  Time since last request: 0.000029 seconds.
  path: Assets/WorldMaterialsFree/Resource Files/CoarseConcrete/CoarseConcrete_roughness.png
  artifactKey: Guid(6ab6ea3e34b782d42be5cd1886524ee9) Importer(815301076,1909f56bfc062723c751e8b465ee728b)
Start importing Assets/WorldMaterialsFree/Resource Files/CoarseConcrete/CoarseConcrete_roughness.png using Guid(6ab6ea3e34b782d42be5cd1886524ee9) Importer(815301076,1909f56bfc062723c751e8b465ee728b)  -> (artifact id: 'c0382e2790e9121cc1e97b2328a944b0') in 0.042635 seconds
Number of updated asset objects reloaded before import = 0
Number of asset objects unloaded after import = 2
========================================================================
Received Import Request.
  Time since last request: 0.000033 seconds.
  path: Assets/WorldMaterialsFree/Resource Files/CoarseConcrete/CoarseConcrete_YFliped_normal.png
  artifactKey: Guid(4c7e02e2e8ad4374e838f4b890e2d3c6) Importer(815301076,1909f56bfc062723c751e8b465ee728b)
Start importing Assets/WorldMaterialsFree/Resource Files/CoarseConcrete/CoarseConcrete_YFliped_normal.png using Guid(4c7e02e2e8ad4374e838f4b890e2d3c6) Importer(815301076,1909f56bfc062723c751e8b465ee728b)  -> (artifact id: 'e5cd523cd25eedb96b84e4d89a7e068b') in 0.043490 seconds
Number of updated asset objects reloaded before import = 0
Number of asset objects unloaded after import = 2
========================================================================
Received Import Request.
  Time since last request: 0.253970 seconds.
  path: Assets/WorldMaterialsFree/Resource Files/ClumpMud/ClumpMud_albedo.png
  artifactKey: Guid(8a3ef1722a8fd3a4c8353e18116e7a19) Importer(815301076,1909f56bfc062723c751e8b465ee728b)
Start importing Assets/WorldMaterialsFree/Resource Files/ClumpMud/ClumpMud_albedo.png using Guid(8a3ef1722a8fd3a4c8353e18116e7a19) Importer(815301076,1909f56bfc062723c751e8b465ee728b)  -> (artifact id: '073dbdbcbe9d546ec89ba477810a158a') in 0.037700 seconds
Number of updated asset objects reloaded before import = 0
Number of asset objects unloaded after import = 2
========================================================================
Received Import Request.
  Time since last request: 0.000024 seconds.
  path: Assets/WorldMaterialsFree/Resource Files/ClumpMud/ClumpMud_Normal.png
  artifactKey: Guid(2a6a7e98a8983324e8aeca94a705844e) Importer(815301076,1909f56bfc062723c751e8b465ee728b)
Start importing Assets/WorldMaterialsFree/Resource Files/ClumpMud/ClumpMud_Normal.png using Guid(2a6a7e98a8983324e8aeca94a705844e) Importer(815301076,1909f56bfc062723c751e8b465ee728b)  -> (artifact id: '02217910690c7a0b5fc9d943addbfbbf') in 0.036143 seconds
Number of updated asset objects reloaded before import = 0
Number of asset objects unloaded after import = 2
========================================================================
Received Import Request.
  Time since last request: 0.000021 seconds.
  path: Assets/WorldMaterialsFree/Resource Files/ClumpMud/ClumpMud_Roughness.png
  artifactKey: Guid(f7bacf6227a370f4bb68a162cd7a690c) Importer(815301076,1909f56bfc062723c751e8b465ee728b)
Start importing Assets/WorldMaterialsFree/Resource Files/ClumpMud/ClumpMud_Roughness.png using Guid(f7bacf6227a370f4bb68a162cd7a690c) Importer(815301076,1909f56bfc062723c751e8b465ee728b)  -> (artifact id: '9b5fa83e09e9bf091834237a56d08be8') in 0.029984 seconds
Number of updated asset objects reloaded before import = 0
Number of asset objects unloaded after import = 2
========================================================================
Received Import Request.
  Time since last request: 0.000025 seconds.
  path: Assets/WorldMaterialsFree/Resource Files/ClumpMud/ClumpMud_Height.png
  artifactKey: Guid(1ec47b3300477f040b5d59f8fc7497dc) Importer(815301076,1909f56bfc062723c751e8b465ee728b)
Start importing Assets/WorldMaterialsFree/Resource Files/ClumpMud/ClumpMud_Height.png using Guid(1ec47b3300477f040b5d59f8fc7497dc) Importer(815301076,1909f56bfc062723c751e8b465ee728b)  -> (artifact id: 'b9ab1faa5821fd08ffd68c9bda767a3d') in 0.025173 seconds
Number of updated asset objects reloaded before import = 0
Number of asset objects unloaded after import = 2
========================================================================
Received Import Request.
  Time since last request: 0.534154 seconds.
  path: Assets/WorldMaterialsFree/Resource Files/BrushedIron/BrushedIron_Albedo.png
  artifactKey: Guid(450abdfc31012ee45a60a12a63706bdd) Importer(815301076,1909f56bfc062723c751e8b465ee728b)
Start importing Assets/WorldMaterialsFree/Resource Files/BrushedIron/BrushedIron_Albedo.png using Guid(450abdfc31012ee45a60a12a63706bdd) Importer(815301076,1909f56bfc062723c751e8b465ee728b)  -> (artifact id: '287dbd4d8cf83ec7d570094ecb5f6d13') in 0.039850 seconds
Number of updated asset objects reloaded before import = 0
Number of asset objects unloaded after import = 2
========================================================================
Received Import Request.
  Time since last request: 0.000019 seconds.
  path: Assets/WorldMaterialsFree/Resource Files/BrushedIron/BrushedIron_Normal.png
  artifactKey: Guid(7d93ec18be30d0340b3270211bba118f) Importer(815301076,1909f56bfc062723c751e8b465ee728b)
Start importing Assets/WorldMaterialsFree/Resource Files/BrushedIron/BrushedIron_Normal.png using Guid(7d93ec18be30d0340b3270211bba118f) Importer(815301076,1909f56bfc062723c751e8b465ee728b)  -> (artifact id: 'a83450b3166ba9d046bed5660c06d98e') in 0.040005 seconds
Number of updated asset objects reloaded before import = 0
Number of asset objects unloaded after import = 2
========================================================================
Received Import Request.
  Time since last request: 0.000064 seconds.
  path: Assets/WorldMaterialsFree/Resource Files/BrushedIron/BrushedIron_Height.png
  artifactKey: Guid(ed75473234df47c4cb1b631ffd55f38f) Importer(815301076,1909f56bfc062723c751e8b465ee728b)
Start importing Assets/WorldMaterialsFree/Resource Files/BrushedIron/BrushedIron_Height.png using Guid(ed75473234df47c4cb1b631ffd55f38f) Importer(815301076,1909f56bfc062723c751e8b465ee728b)  -> (artifact id: '8d5fc7e4d687c2907a163e323c067607') in 0.041258 seconds
Number of updated asset objects reloaded before import = 0
Number of asset objects unloaded after import = 2
========================================================================
Received Import Request.
  Time since last request: 0.000024 seconds.
  path: Assets/WorldMaterialsFree/Resource Files/BrushedIron/BrushedIron_Roughness.png
  artifactKey: Guid(1a7d9a6002608b342bde613de3f92a61) Importer(815301076,1909f56bfc062723c751e8b465ee728b)
Start importing Assets/WorldMaterialsFree/Resource Files/BrushedIron/BrushedIron_Roughness.png using Guid(1a7d9a6002608b342bde613de3f92a61) Importer(815301076,1909f56bfc062723c751e8b465ee728b)  -> (artifact id: 'ef6d1193d144dd5809c765e0714c334d') in 0.037073 seconds
Number of updated asset objects reloaded before import = 0
Number of asset objects unloaded after import = 2
Editor requested this worker to shutdown with reason: Scaling down because of idle timeout
TcpMessagingSession - receive error: operation aborted. errorcode: 995, details: La operación de E/S se anuló por una salida de subproceso o por una solicitud de aplicación.
AssetImportWorker is now disconnected from the server
Process exiting
Exiting without the bug reporter. Application will terminate with return code 0